<?xml version="1.0" encoding="UTF-8"?>
<testng-results ignored="0" total="1" passed="1" failed="0" skipped="0">
  <reporter-output>
  </reporter-output>
  <suite started-at="2025-03-15T13:19:21 IST" name="Default suite" finished-at="2025-03-15T13:19:25 IST" duration-ms="4309">
    <groups>
    </groups>
    <test started-at="2025-03-15T13:19:21 IST" name="Default test" finished-at="2025-03-15T13:19:25 IST" duration-ms="4309">
      <class name="tests.InventoryTest">
        <test-method is-config="true" signature="setup()[pri:0, instance:tests.InventoryTest@34123d65]" started-at="2025-03-15T13:19:21 IST" name="setup" finished-at="2025-03-15T13:19:25 IST" duration-ms="3642" status="PASS">
          <reporter-output>
          </reporter-output>
        </test-method> <!-- setup -->
        <test-method signature="testProductSorting()[pri:0, instance:tests.InventoryTest@34123d65]" started-at="2025-03-15T13:19:25 IST" name="testProductSorting" finished-at="2025-03-15T13:19:25 IST" duration-ms="447" status="PASS">
          <reporter-output>
          </reporter-output>
        </test-method> <!-- testProductSorting -->
        <test-method is-config="true" signature="teardown()[pri:0, instance:tests.InventoryTest@34123d65]" started-at="2025-03-15T13:19:25 IST" name="teardown" finished-at="2025-03-15T13:19:25 IST" duration-ms="187" status="PASS">
          <reporter-output>
          </reporter-output>
        </test-method> <!-- teardown -->
      </class> <!-- tests.InventoryTest -->
    </test> <!-- Default test -->
  </suite> <!-- Default suite -->
</testng-results>
