<?xml version="1.0" encoding="UTF-8"?>
<testng-results ignored="0" total="1" passed="1" failed="0" skipped="0">
  <reporter-output>
  </reporter-output>
  <suite started-at="2025-03-15T03:05:56 IST" name="Default suite" finished-at="2025-03-15T03:05:58 IST" duration-ms="2683">
    <groups>
    </groups>
    <test started-at="2025-03-15T03:05:56 IST" name="Default test" finished-at="2025-03-15T03:05:58 IST" duration-ms="2683">
      <class name="tests.CartTest">
        <test-method is-config="true" signature="setup()[pri:0, instance:tests.CartTest@73a1e9a9]" started-at="2025-03-15T03:05:56 IST" name="setup" finished-at="2025-03-15T03:05:58 IST" duration-ms="1975" status="PASS">
          <reporter-output>
          </reporter-output>
        </test-method> <!-- setup -->
        <test-method signature="testRemoveProduct()[pri:0, instance:tests.CartTest@73a1e9a9]" started-at="2025-03-15T03:05:58 IST" name="testRemoveProduct" finished-at="2025-03-15T03:05:58 IST" duration-ms="522" status="PASS">
          <reporter-output>
          </reporter-output>
        </test-method> <!-- testRemoveProduct -->
        <test-method is-config="true" signature="teardown()[pri:0, instance:tests.CartTest@73a1e9a9]" started-at="2025-03-15T03:05:58 IST" name="teardown" finished-at="2025-03-15T03:05:58 IST" duration-ms="147" status="PASS">
          <reporter-output>
          </reporter-output>
        </test-method> <!-- teardown -->
      </class> <!-- tests.CartTest -->
    </test> <!-- Default test -->
  </suite> <!-- Default suite -->
</testng-results>
