<?xml version="1.0" encoding="UTF-8"?>
<!-- Generated by org.testng.reporters.JUnitXMLReporter -->
<testsuite ignored="1" hostname="TYSS-Piyush-Baldaniya" failures="0" tests="1" name="Default test" time="4.309" errors="0" timestamp="2025-03-15T13:19:25 IST">
  <testcase classname="tests.InventoryTest" name="testProductSorting" time="0.447"/>
  <testcase classname="tests.InventoryTest" name="testAddToCart" time="0.0">
    <ignored/>
  </testcase> <!-- testAddToCart -->
</testsuite> <!-- Default test -->
